#
# A fatal error has been detected by the Java Runtime Environment:
#
#  EXCEPTION_ACCESS_VIOLATION (0xc0000005) at pc=0x0000000076d79c12, pid=1140, tid=4304
#
# JRE version: 7.0_25-b17
# Java VM: Java HotSpot(TM) 64-Bit Server VM (23.25-b01 mixed mode windows-amd64 compressed oops)
# Problematic frame:
# C  [ntdll.dll+0x29c12]  RtlLookupFunctionEntry+0x72
#
# Failed to write core dump. Minidumps are not enabled by default on client versions of Windows
#
# If you would like to submit a bug report, please visit:
#   http://bugreport.sun.com/bugreport/crash.jsp
# The crash happened outside the Java Virtual Machine in native code.
# See problematic frame for where to report the bug.
#

---------------  T H R E A D  ---------------

Current thread (0x00000000139cf800):  JavaThread "Thread-3" [_thread_in_native, id=4304, stack(0x0000000019970000,0x0000000019a70000)]

siginfo: ExceptionCode=0xc0000005, reading address 0x000007feece2dfa0

Registers:
RAX=0x00000000000003f8, RBX=0x0000000000032b5c, RCX=0x0000000000000be8, RDX=0x000000000000054b
RSP=0x0000000019a6d930, RBP=0x0000000019a6e800, RSI=0x0000000019a6d9e8, RDI=0x0000000019a6df10
R8 =0x00000000000003f8, R9 =0x00000000000002a6, R10=0x000007feece2cfbc, R11=0x000007feece2b000
R12=0x000007feecc72b5c, R13=0x0000000000000000, R14=0x0000000019a6e530, R15=0x0000000076d50000
RIP=0x0000000076d79c12, EFLAGS=0x0000000000010203

Top of Stack: (sp=0x0000000019a6d930)
0x0000000019a6d930:   e4f33b5f00000000 0000000019a6d9e8
0x0000000019a6d940:   0000000019a6d970 0000000000000000
0x0000000019a6d950:   0000000019a65000 0000000076d68f14
0x0000000019a6d960:   0000000019a70000 0000000076e96334
0x0000000019a6d970:   c00000000000fe70 ae2c842700000000
0x0000000019a6d980:   76be03f000000270 4cd1298e00000000
0x0000000019a6d990:   0822c006fbe44410 676be03f00000000
0x0000000019a6d9a0:   0000000019a6e800 5b1f2799fbe4fcd8
0x0000000019a6d9b0:   0000000076e96334 0000000000000000
0x0000000019a6d9c0:   0000000000000000 0000000019a70000
0x0000000019a6d9d0:   0000000000000000 0000000019a65000
0x0000000019a6d9e0:   0000000019a6df10 000007feecc40000
0x0000000019a6d9f0:   fde763b2fbe48dc8 0000001200000000
0x0000000019a6da00:   37213ccefbe3aac8 1637def9fbe39108
0x0000000019a6da10:   00008907fbe48fe8 e4f33b5ffbe49368
0x0000000019a6da20:   2b7796f7fbe38ef0 0000004cfbd866d8 

Instructions: (pc=0x0000000076d79c12)
0x0000000076d79bf2:   83 ea 01 0f 88 a6 41 fe ff 48 2b 1e 45 33 c9 0f
0x0000000076d79c02:   1f 00 46 8d 04 0a 41 d1 f8 49 63 c0 48 8d 0c 40
0x0000000076d79c12:   41 8b 04 8b 4d 8d 14 8b 48 3b d8 72 1b 41 8b 42
0x0000000076d79c22:   04 48 3b d8 0f 82 2d ff ff ff 45 8d 48 01 41 3b 


Register to memory mapping:

RAX=0x00000000000003f8 is an unknown value
RBX=0x0000000000032b5c is an unknown value
RCX=0x0000000000000be8 is an unknown value
RDX=0x000000000000054b is an unknown value
RSP=0x0000000019a6d930 is pointing into the stack for thread: 0x00000000139cf800
RBP=0x0000000019a6e800 is pointing into the stack for thread: 0x00000000139cf800
RSI=0x0000000019a6d9e8 is pointing into the stack for thread: 0x00000000139cf800
RDI=0x0000000019a6df10 is pointing into the stack for thread: 0x00000000139cf800
R8 =0x00000000000003f8 is an unknown value
R9 =0x00000000000002a6 is an unknown value
R10=0x000007feece2cfbc is an unknown value
R11=0x000007feece2b000 is an unknown value
R12=0x000007feecc72b5c is an unknown value
R13=0x0000000000000000 is an unknown value
R14=0x0000000019a6e530 is pointing into the stack for thread: 0x00000000139cf800
R15=0x0000000076d50000 is an unknown value


Stack: [0x0000000019970000,0x0000000019a70000],  sp=0x0000000019a6d930,  free space=1014k
Native frames: (J=compiled Java code, j=interpreted, Vv=VM code, C=native code)
C  [ntdll.dll+0x29c12]  RtlLookupFunctionEntry+0x72

Java frames: (J=compiled Java code, j=interpreted, Vv=VM code)
j  sun.java2d.d3d.D3DSurfaceData.initOps(III)V+0
j  sun.java2d.d3d.D3DSurfaceData.<init>(Lsun/awt/windows/WComponentPeer;Lsun/java2d/d3d/D3DGraphicsConfig;IILjava/awt/Image;Ljava/awt/image/ColorModel;IILsun/java2d/pipe/hw/ExtendedBufferCapabilities$VSyncType;I)V+76
j  sun.java2d.d3d.D3DSurfaceData.createData(Lsun/awt/windows/WComponentPeer;Ljava/awt/Image;)Lsun/java2d/d3d/D3DSurfaceData;+117
j  sun.java2d.d3d.D3DVolatileSurfaceManager.initAcceleratedSurface()Lsun/java2d/SurfaceData;+59
j  sun.java2d.d3d.D3DVolatileSurfaceManager.restoreAcceleratedSurface()V+62
j  sun.awt.image.VolatileSurfaceManager.validate(Ljava/awt/GraphicsConfiguration;)I+94
j  sun.awt.image.SunVolatileImage.validate(Ljava/awt/GraphicsConfiguration;)I+5
j  java.awt.Component$FlipBufferStrategy.revalidate(Z)V+82
j  java.awt.Component$FlipBufferStrategy.revalidate()V+2
j  java.awt.Component$FlipBufferStrategy.getDrawGraphics()Ljava/awt/Graphics;+1
j  com.greatdevs.Game.paintScreen()V+20
j  com.greatdevs.Game.run()V+111
j  java.lang.Thread.run()V+11
v  ~StubRoutines::call_stub

---------------  P R O C E S S  ---------------

Java Threads: ( => current thread )
  0x0000000019828800 JavaThread "Direct Clip" daemon [_thread_blocked, id=6076, stack(0x000000001f2e0000,0x000000001f3e0000)]
  0x0000000019828000 JavaThread "Direct Clip" daemon [_thread_blocked, id=1384, stack(0x000000001e4c0000,0x000000001e5c0000)]
  0x0000000019827000 JavaThread "Direct Clip" daemon [_thread_blocked, id=5504, stack(0x000000001f1b0000,0x000000001f2b0000)]
  0x0000000019826800 JavaThread "Direct Clip" daemon [_thread_blocked, id=5160, stack(0x000000001ef90000,0x000000001f090000)]
  0x0000000019825800 JavaThread "Direct Clip" daemon [_thread_blocked, id=4824, stack(0x000000001ed90000,0x000000001ee90000)]
  0x0000000019825000 JavaThread "Direct Clip" daemon [_thread_blocked, id=956, stack(0x000000001eb90000,0x000000001ec90000)]
  0x0000000019824000 JavaThread "Direct Clip" daemon [_thread_blocked, id=5340, stack(0x000000001d490000,0x000000001d590000)]
  0x0000000019823800 JavaThread "Direct Clip" daemon [_thread_blocked, id=5464, stack(0x000000001ea90000,0x000000001eb90000)]
  0x0000000019822800 JavaThread "Direct Clip" daemon [_thread_blocked, id=5984, stack(0x000000001e970000,0x000000001ea70000)]
  0x0000000019822000 JavaThread "Direct Clip" daemon [_thread_blocked, id=4192, stack(0x000000001e7a0000,0x000000001e8a0000)]
  0x0000000019821000 JavaThread "Direct Clip" daemon [_thread_blocked, id=5560, stack(0x000000001e5c0000,0x000000001e6c0000)]
  0x0000000019356800 JavaThread "Direct Clip" daemon [_thread_blocked, id=2628, stack(0x000000001e320000,0x000000001e420000)]
  0x0000000019355800 JavaThread "Direct Clip" daemon [_thread_blocked, id=4732, stack(0x000000001e1e0000,0x000000001e2e0000)]
  0x0000000019355000 JavaThread "Direct Clip" daemon [_thread_blocked, id=1304, stack(0x000000001dfd0000,0x000000001e0d0000)]
  0x0000000019354000 JavaThread "Direct Clip" daemon [_thread_blocked, id=6124, stack(0x000000001e0e0000,0x000000001e1e0000)]
  0x0000000019353800 JavaThread "Direct Clip" daemon [_thread_blocked, id=1192, stack(0x000000001dbe0000,0x000000001dce0000)]
  0x0000000019352800 JavaThread "Direct Clip" daemon [_thread_blocked, id=2312, stack(0x000000001de60000,0x000000001df60000)]
  0x0000000019352000 JavaThread "Direct Clip" daemon [_thread_blocked, id=5964, stack(0x000000001dcf0000,0x000000001ddf0000)]
  0x0000000019351000 JavaThread "Direct Clip" daemon [_thread_blocked, id=5820, stack(0x000000001d370000,0x000000001d470000)]
  0x0000000019350800 JavaThread "Direct Clip" daemon [_thread_blocked, id=5436, stack(0x000000001d6a0000,0x000000001d7a0000)]
  0x000000001934f800 JavaThread "Direct Clip" daemon [_thread_blocked, id=4484, stack(0x000000001d590000,0x000000001d690000)]
  0x000000001934f000 JavaThread "Direct Clip" daemon [_thread_blocked, id=1900, stack(0x000000001c230000,0x000000001c330000)]
  0x000000001934e000 JavaThread "Direct Clip" daemon [_thread_blocked, id=5612, stack(0x000000001a8a0000,0x000000001a9a0000)]
  0x000000001934d800 JavaThread "Direct Clip" daemon [_thread_blocked, id=2520, stack(0x000000001bf70000,0x000000001c070000)]
  0x000000001934c800 JavaThread "Direct Clip" daemon [_thread_blocked, id=6120, stack(0x000000001c0a0000,0x000000001c1a0000)]
  0x000000001934c000 JavaThread "Direct Clip" daemon [_thread_blocked, id=4996, stack(0x000000001be40000,0x000000001bf40000)]
  0x000000001934b000 JavaThread "Direct Clip" daemon [_thread_blocked, id=4872, stack(0x000000001b950000,0x000000001ba50000)]
  0x000000001934a000 JavaThread "Direct Clip" daemon [_thread_blocked, id=5900, stack(0x000000001bd10000,0x000000001be10000)]
  0x0000000019349800 JavaThread "Direct Clip" daemon [_thread_blocked, id=6104, stack(0x000000001bb60000,0x000000001bc60000)]
  0x0000000019348800 JavaThread "Direct Clip" daemon [_thread_blocked, id=3392, stack(0x000000001ba50000,0x000000001bb50000)]
  0x0000000019348000 JavaThread "Direct Clip" daemon [_thread_blocked, id=5456, stack(0x000000001b4f0000,0x000000001b5f0000)]
  0x0000000019347000 JavaThread "Image Animator 3" daemon [_thread_blocked, id=5196, stack(0x000000001b630000,0x000000001b730000)]
  0x00000000192e4000 JavaThread "Direct Clip" daemon [_thread_blocked, id=3944, stack(0x000000001b3d0000,0x000000001b4d0000)]
  0x000000001369b000 JavaThread "Direct Clip" daemon [_thread_blocked, id=4260, stack(0x000000001ac20000,0x000000001ad20000)]
  0x0000000019469000 JavaThread "Direct Clip" daemon [_thread_blocked, id=6012, stack(0x000000001b030000,0x000000001b130000)]
  0x00000000191d8000 JavaThread "Java Sound Event Dispatcher" daemon [_thread_blocked, id=5108, stack(0x000000001a630000,0x000000001a730000)]
=>0x00000000139cf800 JavaThread "Thread-3" [_thread_in_native, id=4304, stack(0x0000000019970000,0x0000000019a70000)]
  0x0000000013914800 JavaThread "TimerQueue" daemon [_thread_blocked, id=4000, stack(0x0000000018fc0000,0x00000000190c0000)]
  0x000000000233e800 JavaThread "DestroyJavaVM" [_thread_blocked, id=5908, stack(0x0000000002510000,0x0000000002610000)]
  0x000000001389c800 JavaThread "AWT-EventQueue-0" [_thread_blocked, id=6108, stack(0x0000000017100000,0x0000000017200000)]
  0x00000000137a3800 JavaThread "AWT-Shutdown" [_thread_blocked, id=3328, stack(0x0000000014c20000,0x0000000014d20000)]
  0x00000000136bf800 JavaThread "Java2D Disposer" daemon [_thread_blocked, id=3776, stack(0x00000000150b0000,0x00000000151b0000)]
  0x0000000013656000 JavaThread "Service Thread" daemon [_thread_blocked, id=5516, stack(0x0000000014d50000,0x0000000014e50000)]
  0x000000001364c000 JavaThread "C2 CompilerThread1" daemon [_thread_blocked, id=2760, stack(0x0000000014b20000,0x0000000014c20000)]
  0x0000000013648800 JavaThread "C2 CompilerThread0" daemon [_thread_blocked, id=3428, stack(0x0000000014900000,0x0000000014a00000)]
  0x000000001363a000 JavaThread "JDWP Command Reader" daemon [_thread_in_native, id=5296, stack(0x00000000141f0000,0x00000000142f0000)]
  0x0000000013635800 JavaThread "JDWP Event Helper Thread" daemon [_thread_blocked, id=5256, stack(0x00000000146b0000,0x00000000147b0000)]
  0x0000000013623800 JavaThread "JDWP Transport Listener: dt_socket" daemon [_thread_blocked, id=1904, stack(0x00000000144f0000,0x00000000145f0000)]
  0x000000001361d000 JavaThread "Attach Listener" daemon [_thread_blocked, id=5632, stack(0x00000000133a0000,0x00000000134a0000)]
  0x000000001361c000 JavaThread "Signal Dispatcher" daemon [_thread_blocked, id=5360, stack(0x0000000013a20000,0x0000000013b20000)]
  0x000000001145b000 JavaThread "Finalizer" daemon [_thread_blocked, id=2792, stack(0x00000000134d0000,0x00000000135d0000)]
  0x0000000011451800 JavaThread "Reference Handler" daemon [_thread_blocked, id=5940, stack(0x0000000013270000,0x0000000013370000)]

Other Threads:
  0x0000000011448000 VMThread [stack: 0x0000000013150000,0x0000000013250000] [id=4960]
  0x0000000013664800 WatcherThread [stack: 0x0000000014f50000,0x0000000015050000] [id=1552]

VM state:not at safepoint (normal execution)

VM Mutex/Monitor currently owned by a thread: None

Heap
 PSYoungGen      total 86784K, used 33750K [0x00000007aac00000, 0x00000007b7330000, 0x0000000800000000)
  eden space 54976K, 3% used [0x00000007aac00000,0x00000007aadee7c8,0x00000007ae1b0000)
  from space 31808K, 99% used [0x00000007ae2d0000,0x00000007b01d7210,0x00000007b01e0000)
  to   space 74496K, 0% used [0x00000007b2a70000,0x00000007b2a70000,0x00000007b7330000)
 ParOldGen       total 161344K, used 57746K [0x0000000700400000, 0x000000070a190000, 0x00000007aac00000)
  object space 161344K, 35% used [0x0000000700400000,0x0000000703c64970,0x000000070a190000)
 PSPermGen       total 25536K, used 12678K [0x00000006fb200000, 0x00000006fcaf0000, 0x0000000700400000)
  object space 25536K, 49% used [0x00000006fb200000,0x00000006fbe618c8,0x00000006fcaf0000)

Card table byte_map: [0x0000000005610000,0x0000000005e40000] byte_map_base: 0x0000000001e37000

Polling page: 0x0000000000220000

Code Cache  [0x0000000002610000, 0x0000000002880000, 0x0000000005610000)
 total_blobs=811 nmethods=355 adapters=415 free_code_cache=47722Kb largest_free_block=48786048

Compilation events (10 events):
Event: 16.981 Thread 0x0000000013648800 nmethod 365 0x00000000026aa490 code [0x00000000026aa5c0, 0x00000000026aa638]
Event: 16.981 Thread 0x0000000013648800  366             sun.nio.cs.StreamEncoder::implWrite (156 bytes)
Event: 16.985 Thread 0x0000000013648800 nmethod 366 0x0000000002777710 code [0x00000000027778a0, 0x0000000002777d10]
Event: 16.987 Thread 0x000000001364c000 nmethod 364 0x000000000277a8d0 code [0x000000000277aa80, 0x000000000277b490]
Event: 17.048 Thread 0x0000000013648800  367             sun.nio.cs.StreamEncoder::write (37 bytes)
Event: 17.050 Thread 0x0000000013648800 nmethod 367 0x00000000026cb010 code [0x00000000026cb180, 0x00000000026cb408]
Event: 17.549 Thread 0x000000001364c000  368   !         sun.awt.image.ImageDecoder::nextConsumer (69 bytes)
Event: 17.551 Thread 0x000000001364c000 nmethod 368 0x00000000026fd7d0 code [0x00000000026fd920, 0x00000000026fdd78]
Event: 18.033 Thread 0x0000000013648800  369   !         java.util.zip.Inflater::setInput (74 bytes)
Event: 18.035 Thread 0x0000000013648800 nmethod 369 0x000000000271dad0 code [0x000000000271dc20, 0x000000000271df18]

GC Heap History (10 events):
Event: 12.966 GC heap before
{Heap before GC invocations=4 (full 0):
 PSYoungGen      total 76416K, used 76387K [0x00000007aac00000, 0x00000007b0140000, 0x0000000800000000)
  eden space 65536K, 100% used [0x00000007aac00000,0x00000007aec00000,0x00000007aec00000)
  from space 10880K, 99% used [0x00000007aec00000,0x00000007af698f58,0x00000007af6a0000)
  to   space 10880K, 0% used [0x00000007af6a0000,0x00000007af6a0000,0x00000007b0140000)
 ParOldGen       total 174592K, used 97810K [0x0000000700400000, 0x000000070ae80000, 0x00000007aac00000)
  object space 174592K, 56% used [0x0000000700400000,0x0000000706384aa0,0x000000070ae80000)
 PSPermGen       total 21248K, used 12625K [0x00000006fb200000, 0x00000006fc6c0000, 0x0000000700400000)
  object space 21248K, 59% used [0x00000006fb200000,0x00000006fbe546c0,0x00000006fc6c0000)
Event: 12.978 GC heap after
Heap after GC invocations=4 (full 0):
 PSYoungGen      total 76416K, used 10868K [0x00000007aac00000, 0x00000007b0140000, 0x0000000800000000)
  eden space 65536K, 0% used [0x00000007aac00000,0x00000007aac00000,0x00000007aec00000)
  from space 10880K, 99% used [0x00000007af6a0000,0x00000007b013d1c8,0x00000007b0140000)
  to   space 10880K, 0% used [0x00000007aec00000,0x00000007aec00000,0x00000007af6a0000)
 ParOldGen       total 174592K, used 140895K [0x0000000700400000, 0x000000070ae80000, 0x00000007aac00000)
  object space 174592K, 80% used [0x0000000700400000,0x0000000708d97f50,0x000000070ae80000)
 PSPermGen       total 21248K, used 12625K [0x00000006fb200000, 0x00000006fc6c0000, 0x0000000700400000)
  object space 21248K, 59% used [0x00000006fb200000,0x00000006fbe546c0,0x00000006fc6c0000)
}
Event: 12.978 GC heap before
{Heap before GC invocations=5 (full 1):
 PSYoungGen      total 76416K, used 10868K [0x00000007aac00000, 0x00000007b0140000, 0x0000000800000000)
  eden space 65536K, 0% used [0x00000007aac00000,0x00000007aac00000,0x00000007aec00000)
  from space 10880K, 99% used [0x00000007af6a0000,0x00000007b013d1c8,0x00000007b0140000)
  to   space 10880K, 0% used [0x00000007aec00000,0x00000007aec00000,0x00000007af6a0000)
 ParOldGen       total 174592K, used 140895K [0x0000000700400000, 0x000000070ae80000, 0x00000007aac00000)
  object space 174592K, 80% used [0x0000000700400000,0x0000000708d97f50,0x000000070ae80000)
 PSPermGen       total 21248K, used 12625K [0x00000006fb200000, 0x00000006fc6c0000, 0x0000000700400000)
  object space 21248K, 59% used [0x00000006fb200000,0x00000006fbe546c0,0x00000006fc6c0000)
Event: 13.002 GC heap after
Heap after GC invocations=5 (full 1):
 PSYoungGen      total 76416K, used 0K [0x00000007aac00000, 0x00000007b0140000, 0x0000000800000000)
  eden space 65536K, 0% used [0x00000007aac00000,0x00000007aac00000,0x00000007aec00000)
  from space 10880K, 0% used [0x00000007af6a0000,0x00000007af6a0000,0x00000007b0140000)
  to   space 10880K, 0% used [0x00000007aec00000,0x00000007aec00000,0x00000007af6a0000)
 ParOldGen       total 161344K, used 42121K [0x0000000700400000, 0x000000070a190000, 0x00000007aac00000)
  object space 161344K, 26% used [0x0000000700400000,0x0000000702d22530,0x000000070a190000)
 PSPermGen       total 25536K, used 12621K [0x00000006fb200000, 0x00000006fcaf0000, 0x0000000700400000)
  object space 25536K, 49% used [0x00000006fb200000,0x00000006fbe53520,0x00000006fcaf0000)
}
Event: 13.826 GC heap before
{Heap before GC invocations=6 (full 1):
 PSYoungGen      total 76416K, used 64729K [0x00000007aac00000, 0x00000007b0140000, 0x0000000800000000)
  eden space 65536K, 98% used [0x00000007aac00000,0x00000007aeb36448,0x00000007aec00000)
  from space 10880K, 0% used [0x00000007af6a0000,0x00000007af6a0000,0x00000007b0140000)
  to   space 10880K, 0% used [0x00000007aec00000,0x00000007aec00000,0x00000007af6a0000)
 ParOldGen       total 161344K, used 42121K [0x0000000700400000, 0x000000070a190000, 0x00000007aac00000)
  object space 161344K, 26% used [0x0000000700400000,0x0000000702d22530,0x000000070a190000)
 PSPermGen       total 25536K, used 12644K [0x00000006fb200000, 0x00000006fcaf0000, 0x0000000700400000)
  object space 25536K, 49% used [0x00000006fb200000,0x00000006fbe59098,0x00000006fcaf0000)
Event: 13.829 GC heap after
Heap after GC invocations=6 (full 1):
 PSYoungGen      total 74944K, used 8267K [0x00000007aac00000, 0x00000007b76b0000, 0x0000000800000000)
  eden space 64064K, 0% used [0x00000007aac00000,0x00000007aac00000,0x00000007aea90000)
  from space 10880K, 75% used [0x00000007aec00000,0x00000007af412c20,0x00000007af6a0000)
  to   space 71744K, 0% used [0x00000007b30a0000,0x00000007b30a0000,0x00000007b76b0000)
 ParOldGen       total 161344K, used 57746K [0x0000000700400000, 0x000000070a190000, 0x00000007aac00000)
  object space 161344K, 35% used [0x0000000700400000,0x0000000703c64970,0x000000070a190000)
 PSPermGen       total 25536K, used 12644K [0x00000006fb200000, 0x00000006fcaf0000, 0x0000000700400000)
  object space 25536K, 49% used [0x00000006fb200000,0x00000006fbe59098,0x00000006fcaf0000)
}
Event: 15.087 GC heap before
{Heap before GC invocations=7 (full 1):
 PSYoungGen      total 74944K, used 72331K [0x00000007aac00000, 0x00000007b76b0000, 0x0000000800000000)
  eden space 64064K, 100% used [0x00000007aac00000,0x00000007aea90000,0x00000007aea90000)
  from space 10880K, 75% used [0x00000007aec00000,0x00000007af412c20,0x00000007af6a0000)
  to   space 71744K, 0% used [0x00000007b30a0000,0x00000007b30a0000,0x00000007b76b0000)
 ParOldGen       total 161344K, used 57746K [0x0000000700400000, 0x000000070a190000, 0x00000007aac00000)
  object space 161344K, 35% used [0x0000000700400000,0x0000000703c64970,0x000000070a190000)
 PSPermGen       total 25536K, used 12658K [0x00000006fb200000, 0x00000006fcaf0000, 0x0000000700400000)
  object space 25536K, 49% used [0x00000006fb200000,0x00000006fbe5ca78,0x00000006fcaf0000)
Event: 15.098 GC heap after
Heap after GC invocations=7 (full 1):
 PSYoungGen      total 127872K, used 57227K [0x00000007aac00000, 0x00000007b84d0000, 0x0000000800000000)
  eden space 56128K, 0% used [0x00000007aac00000,0x00000007aac00000,0x00000007ae2d0000)
  from space 71744K, 79% used [0x00000007b30a0000,0x00000007b6882cf0,0x00000007b76b0000)
  to   space 79680K, 0% used [0x00000007ae2d0000,0x00000007ae2d0000,0x00000007b30a0000)
 ParOldGen       total 161344K, used 57746K [0x0000000700400000, 0x000000070a190000, 0x00000007aac00000)
  object space 161344K, 35% used [0x0000000700400000,0x0000000703c64970,0x000000070a190000)
 PSPermGen       total 25536K, used 12658K [0x00000006fb200000, 0x00000006fcaf0000, 0x0000000700400000)
  object space 25536K, 49% used [0x00000006fb200000,0x00000006fbe5ca78,0x00000006fcaf0000)
}
Event: 18.279 GC heap before
{Heap before GC invocations=8 (full 1):
 PSYoungGen      total 127872K, used 113355K [0x00000007aac00000, 0x00000007b84d0000, 0x0000000800000000)
  eden space 56128K, 100% used [0x00000007aac00000,0x00000007ae2d0000,0x00000007ae2d0000)
  from space 71744K, 79% used [0x00000007b30a0000,0x00000007b6882cf0,0x00000007b76b0000)
  to   space 79680K, 0% used [0x00000007ae2d0000,0x00000007ae2d0000,0x00000007b30a0000)
 ParOldGen       total 161344K, used 57746K [0x0000000700400000, 0x000000070a190000, 0x00000007aac00000)
  object space 161344K, 35% used [0x0000000700400000,0x0000000703c64970,0x000000070a190000)
 PSPermGen       total 25536K, used 12672K [0x00000006fb200000, 0x00000006fcaf0000, 0x0000000700400000)
  object space 25536K, 49% used [0x00000006fb200000,0x00000006fbe602f8,0x00000006fcaf0000)
Event: 18.282 GC heap after
Heap after GC invocations=8 (full 1):
 PSYoungGen      total 86784K, used 31772K [0x00000007aac00000, 0x00000007b7330000, 0x0000000800000000)
  eden space 54976K, 0% used [0x00000007aac00000,0x00000007aac00000,0x00000007ae1b0000)
  from space 31808K, 99% used [0x00000007ae2d0000,0x00000007b01d7210,0x00000007b01e0000)
  to   space 74496K, 0% used [0x00000007b2a70000,0x00000007b2a70000,0x00000007b7330000)
 ParOldGen       total 161344K, used 57746K [0x0000000700400000, 0x000000070a190000, 0x00000007aac00000)
  object space 161344K, 35% used [0x0000000700400000,0x0000000703c64970,0x000000070a190000)
 PSPermGen       total 25536K, used 12672K [0x00000006fb200000, 0x00000006fcaf0000, 0x0000000700400000)
  object space 25536K, 49% used [0x00000006fb200000,0x00000006fbe602f8,0x00000006fcaf0000)
}

Deoptimization events (10 events):
Event: 9.459 Thread 0x00000000139cf800 Uncommon trap -83 fr.pc 0x000000000271d8dc
Event: 9.467 Thread 0x00000000139cf800 Uncommon trap -83 fr.pc 0x00000000026fd8b8
Event: 9.467 Thread 0x00000000139cf800 Uncommon trap -83 fr.pc 0x00000000026ab0f8
Event: 9.467 Thread 0x00000000139cf800 Uncommon trap -58 fr.pc 0x000000000270669c
Event: 9.467 Thread 0x00000000139cf800 Uncommon trap -83 fr.pc 0x00000000027006f4
Event: 9.473 Thread 0x00000000139cf800 Uncommon trap -58 fr.pc 0x000000000270669c
Event: 9.477 Thread 0x00000000139cf800 Uncommon trap -83 fr.pc 0x00000000026d81e8
Event: 9.479 Thread 0x00000000139cf800 Uncommon trap -58 fr.pc 0x000000000270669c
Event: 9.485 Thread 0x00000000139cf800 Uncommon trap -58 fr.pc 0x000000000270669c
Event: 9.491 Thread 0x00000000139cf800 Uncommon trap -58 fr.pc 0x00000000026fc5b4

Internal exceptions (10 events):
Event: 9.455 Thread 0x00000000139cf800 Implicit null exception at 0x0000000002710dd2 to 0x0000000002711329
Event: 9.455 Thread 0x00000000139cf800 Implicit null exception at 0x00000000027099e2 to 0x000000000270a3d9
Event: 9.467 Thread 0x00000000139cf800 Implicit null exception at 0x00000000026fd548 to 0x00000000026fd8ad
Event: 9.467 Thread 0x00000000139cf800 Implicit null exception at 0x0000000002700660 to 0x00000000027006e2
Event: 10.615 Thread 0x00000000139cf800 Threw 0x00000007ac524bd8 at C:\jdk7u2_64p\jdk7u25\hotspot\src\share\vm\prims\jvm.cpp:1235
Event: 10.618 Thread 0x00000000139cf800 Threw 0x00000007ac531778 at C:\jdk7u2_64p\jdk7u25\hotspot\src\share\vm\prims\jvm.cpp:1235
Event: 10.618 Thread 0x00000000139cf800 Threw 0x00000007ac5335b0 at C:\jdk7u2_64p\jdk7u25\hotspot\src\share\vm\prims\jvm.cpp:1235
Event: 10.812 Thread 0x00000000139cf800 Threw 0x00000007ac732c20 at C:\jdk7u2_64p\jdk7u25\hotspot\src\share\vm\prims\jvm.cpp:1235
Event: 10.857 Thread 0x00000000139cf800 Threw 0x00000007ad2ea7e8 at C:\jdk7u2_64p\jdk7u25\hotspot\src\share\vm\prims\jvm.cpp:1235
Event: 11.330 Thread 0x00000000139cf800 Threw 0x00000007adf112a0 at C:\jdk7u2_64p\jdk7u25\hotspot\src\share\vm\prims\jvm.cpp:1235

Events (10 events):
Event: 18.282 Executing VM operation: ParallelGCFailedAllocation done
Event: 18.382 Thread 0x0000000019829800 Thread added: 0x0000000019829800
Event: 18.382 Thread 0x000000001982a000 Thread added: 0x000000001982a000
Event: 18.382 Thread 0x000000001982b000 Thread added: 0x000000001982b000
Event: 18.383 Thread 0x000000001982a000 Thread exited: 0x000000001982a000
Event: 18.384 Thread 0x0000000019829800 Thread exited: 0x0000000019829800
Event: 18.384 Thread 0x000000001388a000 Thread exited: 0x000000001388a000
Event: 18.384 loading class 0x00000000137bca00
Event: 18.384 loading class 0x00000000137bca00 done
Event: 18.396 Thread 0x00000000137a4000 Thread exited: 0x00000000137a4000


Dynamic libraries:
0x000000013f3d0000 - 0x000000013f403000 	C:\Program Files\Java\jdk1.7.0_25\bin\javaw.exe
0x0000000076d50000 - 0x0000000076ef9000 	C:\Windows\SYSTEM32\ntdll.dll
0x0000000076c30000 - 0x0000000076d4f000 	C:\Windows\system32\kernel32.dll
0x000007fefcee0000 - 0x000007fefcf4b000 	C:\Windows\system32\KERNELBASE.dll
0x000007fefcf60000 - 0x000007fefd03b000 	C:\Windows\system32\ADVAPI32.dll
0x000007fefe2c0000 - 0x000007fefe35f000 	C:\Windows\system32\msvcrt.dll
0x000007fefebf0000 - 0x000007fefec0f000 	C:\Windows\SYSTEM32\sechost.dll
0x000007fefec10000 - 0x000007fefed3d000 	C:\Windows\system32\RPCRT4.dll
0x0000000076b30000 - 0x0000000076c2a000 	C:\Windows\system32\USER32.dll
0x000007fefd040000 - 0x000007fefd0a7000 	C:\Windows\system32\GDI32.dll
0x000007fefea00000 - 0x000007fefea0e000 	C:\Windows\system32\LPK.dll
0x000007fefd210000 - 0x000007fefd2d9000 	C:\Windows\system32\USP10.dll
0x000007fefb3c0000 - 0x000007fefb5b4000 	C:\Windows\WinSxS\amd64_microsoft.windows.common-controls_6595b64144ccf1df_6.0.7601.17514_none_fa396087175ac9ac\COMCTL32.dll
0x000007fefd0b0000 - 0x000007fefd121000 	C:\Windows\system32\SHLWAPI.dll
0x000007fefe290000 - 0x000007fefe2be000 	C:\Windows\system32\IMM32.DLL
0x000007fefef50000 - 0x000007feff059000 	C:\Windows\system32\MSCTF.dll
0x0000000065170000 - 0x0000000065241000 	C:\Program Files\Java\jdk1.7.0_25\jre\bin\msvcr100.dll
0x0000000064a60000 - 0x000000006516f000 	C:\Program Files\Java\jdk1.7.0_25\jre\bin\server\jvm.dll
0x000007fef4290000 - 0x000007fef4299000 	C:\Windows\system32\WSOCK32.dll
0x000007fefe360000 - 0x000007fefe3ad000 	C:\Windows\system32\WS2_32.dll
0x000007fefe9d0000 - 0x000007fefe9d8000 	C:\Windows\system32\NSI.dll
0x000007fefa530000 - 0x000007fefa56b000 	C:\Windows\system32\WINMM.dll
0x0000000076f10000 - 0x0000000076f17000 	C:\Windows\system32\PSAPI.DLL
0x000000006e5e0000 - 0x000000006e5ef000 	C:\Program Files\Java\jdk1.7.0_25\jre\bin\verify.dll
0x0000000065300000 - 0x0000000065328000 	C:\Program Files\Java\jdk1.7.0_25\jre\bin\java.dll
0x00000000652c0000 - 0x00000000652f5000 	C:\Program Files\Java\jdk1.7.0_25\jre\bin\jdwp.dll
0x000000006ed60000 - 0x000000006ed68000 	C:\Program Files\Java\jdk1.7.0_25\jre\bin\npt.dll
0x00000000652a0000 - 0x00000000652b5000 	C:\Program Files\Java\jdk1.7.0_25\jre\bin\zip.dll
0x000000006a8c0000 - 0x000000006a8c9000 	C:\Program Files\Java\jdk1.7.0_25\jre\bin\dt_socket.dll
0x000007fefa780000 - 0x000007fefa795000 	C:\Windows\system32\NLAapi.dll
0x000007fef6ea0000 - 0x000007fef6eb5000 	C:\Windows\system32\napinsp.dll
0x000007fef6e80000 - 0x000007fef6e99000 	C:\Windows\system32\pnrpnsp.dll
0x000007fefc360000 - 0x000007fefc3b5000 	C:\Windows\System32\mswsock.dll
0x000007fefc1e0000 - 0x000007fefc23b000 	C:\Windows\system32\DNSAPI.dll
0x000007fef6e70000 - 0x000007fef6e7b000 	C:\Windows\System32\winrnr.dll
0x0000000070960000 - 0x000000007098e000 	C:\Program Files\Common Files\Microsoft Shared\Windows Live\WLIDNSP.DLL
0x0000000070930000 - 0x0000000070956000 	C:\Program Files\Bonjour\mdnsNSP.dll
0x000007fefa210000 - 0x000007fefa237000 	C:\Windows\system32\Iphlpapi.DLL
0x000007fefa200000 - 0x000007fefa20b000 	C:\Windows\system32\WINNSI.DLL
0x000007fefa070000 - 0x000007fefa0c3000 	C:\Windows\System32\fwpuclnt.dll
0x000007fef82e0000 - 0x000007fef82e8000 	C:\Windows\system32\rasadhlp.dll
0x000007fefbd60000 - 0x000007fefbd67000 	C:\Windows\System32\wshtcpip.dll
0x00000000648c0000 - 0x0000000064a55000 	C:\Program Files\Java\jdk1.7.0_25\jre\bin\awt.dll
0x000007fefe1b0000 - 0x000007fefe287000 	C:\Windows\system32\OLEAUT32.dll
0x000007fefed40000 - 0x000007fefef43000 	C:\Windows\system32\ole32.dll
0x000007fefadb0000 - 0x000007fefadc8000 	C:\Windows\system32\DWMAPI.DLL
0x000007fefb1e0000 - 0x000007fefb236000 	C:\Windows\system32\uxtheme.dll
0x000007fefca60000 - 0x000007fefca6f000 	C:\Windows\system32\CRYPTBASE.dll
0x000007fefb830000 - 0x000007fefb85c000 	C:\Windows\system32\powrprof.dll
0x000007fefea10000 - 0x000007fefebe7000 	C:\Windows\system32\SETUPAPI.dll
0x000007fefcbf0000 - 0x000007fefcc26000 	C:\Windows\system32\CFGMGR32.dll
0x000007fefcdb0000 - 0x000007fefcdca000 	C:\Windows\system32\DEVOBJ.dll
0x000007fefd2e0000 - 0x000007fefe068000 	C:\Windows\system32\SHELL32.dll
0x0000000065260000 - 0x000000006529f000 	C:\Program Files\Java\jdk1.7.0_25\jre\bin\fontmanager.dll
0x00000000648a0000 - 0x00000000648b9000 	C:\Program Files\Java\jdk1.7.0_25\jre\bin\net.dll
0x000007fefc350000 - 0x000007fefc357000 	C:\Windows\System32\wship6.dll
0x0000000064880000 - 0x0000000064891000 	C:\Program Files\Java\jdk1.7.0_25\jre\bin\nio.dll
0x0000000064830000 - 0x0000000064871000 	C:\Program Files\Java\jdk1.7.0_25\jre\bin\t2k.dll
0x000007fefc3c0000 - 0x000007fefc3d7000 	C:\Windows\system32\CRYPTSP.dll
0x000007fefc0c0000 - 0x000007fefc107000 	C:\Windows\system32\rsaenh.dll
0x000007fefbe70000 - 0x000007fefbe8e000 	C:\Windows\system32\USERENV.dll
0x000007fefcb30000 - 0x000007fefcb3f000 	C:\Windows\system32\profapi.dll
0x000000006e5d0000 - 0x000000006e5dc000 	C:\Program Files\Java\jdk1.7.0_25\jre\bin\jsound.dll
0x0000000065250000 - 0x000000006525b000 	C:\Program Files\Java\jdk1.7.0_25\jre\bin\jsoundds.dll
0x000007fef5260000 - 0x000007fef52e8000 	C:\Windows\system32\DSOUND.dll
0x000007fefade0000 - 0x000007fefae2b000 	C:\Windows\system32\MMDevAPI.DLL
0x000007fefb240000 - 0x000007fefb36c000 	C:\Windows\system32\PROPSYS.dll
0x000007fefa4f0000 - 0x000007fefa52b000 	C:\Windows\system32\wdmaud.drv
0x0000000074890000 - 0x0000000074896000 	C:\Windows\system32\ksuser.dll
0x000007fefb6d0000 - 0x000007fefb6d9000 	C:\Windows\system32\AVRT.dll
0x000007fefa4a0000 - 0x000007fefa4ef000 	C:\Windows\system32\AUDIOSES.DLL
0x000007fefa180000 - 0x000007fefa18a000 	C:\Windows\system32\msacm32.drv
0x000007fefa160000 - 0x000007fefa178000 	C:\Windows\system32\MSACM32.dll
0x000007fefa150000 - 0x000007fefa159000 	C:\Windows\system32\midimap.dll
0x000007fefe070000 - 0x000007fefe109000 	C:\Windows\system32\CLBCatQ.DLL
0x000007fef14f0000 - 0x000007fef1615000 	C:\Windows\system32\dbghelp.dll

VM Arguments:
jvm_args: -agentlib:jdwp=transport=dt_socket,suspend=y,address=localhost:4147 -Dfile.encoding=Cp1251 
java_command: com.greatdevs.Game
Launcher Type: SUN_STANDARD

Environment Variables:
CLASSPATH=.;C:\Program Files (x86)\Java\jre7\lib\ext\QTJava.zip
PATH=C:\Program Files\Java\jdk1.7.0_25\jre\bin;C:\Program Files\Common Files\Microsoft Shared\Windows Live;C:\Windows\system32;C:\Windows;C:\Windows\System32\Wbem;C:\Windows\System32\WindowsPowerShell\v1.0\;C:\Program Files\Microsoft\Web Platform Installer\;C:\Program Files (x86)\Microsoft ASP.NET\ASP.NET Web Pages\v1.0\;C:\Program Files (x86)\Windows Kits\8.0\Windows Performance Toolkit\;C:\Program Files\Microsoft SQL Server\110\Tools\Binn\;D:\Program Files (x86)\QuickTime\QTSystem\;C:\Program Files (x86)\Autodesk\Backburner\;C:\Program Files\Common Files\Autodesk Shared\;C:\Program Files\Common Files\Microsoft Shared\Windows Live
USERNAME=Ваня
OS=Windows_NT
PROCESSOR_IDENTIFIER=Intel64 Family 6 Model 42 Stepping 7, GenuineIntel



---------------  S Y S T E M  ---------------

OS: Windows 7 , 64 bit Build 7601 Service Pack 1

CPU:total 8 (4 cores per cpu, 2 threads per core) family 6 model 42 stepping 7, cmov, cx8, fxsr, mmx, sse, sse2, sse3, ssse3, sse4.1, sse4.2, popcnt, avx, ht, tsc, tscinvbit

Memory: 4k page, physical 16760120k(13603336k free), swap 33518380k(29913264k free)

vm_info: Java HotSpot(TM) 64-Bit Server VM (23.25-b01) for windows-amd64 JRE (1.7.0_25-b17), built on Jun 21 2013 12:58:32 by "java_re" with unknown MS VC++:1600

time: Sat Sep 21 22:35:19 2013
elapsed time: 18 seconds

